<?xml version="1.0" encoding="UTF-8"?>
<testsuite xmlns:xsi="http://www.w3.org/2001/XMLSchema-instance" xsi:noNamespaceSchemaLocation="https://maven.apache.org/surefire/maven-surefire-plugin/xsd/surefire-test-report.xsd" name="cn.dbdj1201.itravel.service.impl.RouteServiceImplTest" time="0.201" tests="1" errors="0" skipped="0" failures="0">
  <properties>
    <property name="sun.desktop" value="windows"/>
    <property name="awt.toolkit" value="sun.awt.windows.WToolkit"/>
    <property name="java.specification.version" value="9"/>
    <property name="file.encoding.pkg" value="sun.io"/>
    <property name="sun.cpu.isalist" value="amd64"/>
    <property name="sun.jnu.encoding" value="GBK"/>
    <property name="java.class.path" value="F:\maven_project\itravel\target\test-classes;F:\maven_project\itravel\target\classes;F:\tools\repo_mine\junit\junit\4.12\junit-4.12.jar;F:\tools\repo_mine\org\hamcrest\hamcrest-core\1.3\hamcrest-core-1.3.jar;F:\tools\repo_mine\javax\servlet\javax.servlet-api\3.1.0\javax.servlet-api-3.1.0.jar;F:\tools\repo_mine\mysql\mysql-connector-java\5.1.26\mysql-connector-java-5.1.26.jar;F:\tools\repo_mine\com\alibaba\druid\1.0.9\druid-1.0.9.jar;F:\tools\repo_mine\org\springframework\spring-core\5.0.2.RELEASE\spring-core-5.0.2.RELEASE.jar;F:\tools\repo_mine\org\springframework\spring-jcl\5.0.2.RELEASE\spring-jcl-5.0.2.RELEASE.jar;F:\tools\repo_mine\org\springframework\spring-jdbc\5.0.2.RELEASE\spring-jdbc-5.0.2.RELEASE.jar;F:\tools\repo_mine\org\springframework\spring-tx\5.0.2.RELEASE\spring-tx-5.0.2.RELEASE.jar;F:\tools\repo_mine\org\springframework\spring-beans\5.0.2.RELEASE\spring-beans-5.0.2.RELEASE.jar;F:\tools\repo_mine\commons-logging\commons-logging\1.2\commons-logging-1.2.jar;F:\tools\repo_mine\commons-beanutils\commons-beanutils\1.9.4\commons-beanutils-1.9.4.jar;F:\tools\repo_mine\commons-collections\commons-collections\3.2.2\commons-collections-3.2.2.jar;F:\tools\repo_mine\com\fasterxml\jackson\core\jackson-databind\2.3.3\jackson-databind-2.3.3.jar;F:\tools\repo_mine\com\fasterxml\jackson\core\jackson-core\2.3.3\jackson-core-2.3.3.jar;F:\tools\repo_mine\com\fasterxml\jackson\core\jackson-annotations\2.3.3\jackson-annotations-2.3.3.jar;F:\tools\repo_mine\javax\mail\javax.mail-api\1.5.6\javax.mail-api-1.5.6.jar;F:\tools\repo_mine\com\sun\mail\javax.mail\1.5.3\javax.mail-1.5.3.jar;F:\tools\repo_mine\javax\activation\activation\1.1\activation-1.1.jar;F:\tools\repo_mine\redis\clients\jedis\2.7.0\jedis-2.7.0.jar;F:\tools\repo_mine\org\apache\commons\commons-pool2\2.3\commons-pool2-2.3.jar;"/>
    <property name="java.vm.vendor" value="Oracle Corporation"/>
    <property name="sun.arch.data.model" value="64"/>
    <property name="user.variant" value=""/>
    <property name="java.vendor.url" value="http://java.oracle.com/"/>
    <property name="user.timezone" value="Asia/Shanghai"/>
    <property name="java.vm.specification.version" value="9"/>
    <property name="os.name" value="Windows 10"/>
    <property name="sun.java.launcher" value="SUN_STANDARD"/>
    <property name="user.country" value="CN"/>
    <property name="sun.boot.library.path" value="F:\data\java-se-9-ri\jdk-9\bin"/>
    <property name="sun.java.command" value="C:\Users\Administrator\AppData\Local\Temp\surefire14139318467220336033\surefirebooter13269783032798757180.jar C:\Users\Administrator\AppData\Local\Temp\surefire14139318467220336033 2020-02-24T17-39-39_609-jvmRun1 surefire4868324027429476967tmp surefire_011477211458605975848tmp"/>
    <property name="jdk.debug" value="release"/>
    <property name="surefire.test.class.path" value="F:\maven_project\itravel\target\test-classes;F:\maven_project\itravel\target\classes;F:\tools\repo_mine\junit\junit\4.12\junit-4.12.jar;F:\tools\repo_mine\org\hamcrest\hamcrest-core\1.3\hamcrest-core-1.3.jar;F:\tools\repo_mine\javax\servlet\javax.servlet-api\3.1.0\javax.servlet-api-3.1.0.jar;F:\tools\repo_mine\mysql\mysql-connector-java\5.1.26\mysql-connector-java-5.1.26.jar;F:\tools\repo_mine\com\alibaba\druid\1.0.9\druid-1.0.9.jar;F:\tools\repo_mine\org\springframework\spring-core\5.0.2.RELEASE\spring-core-5.0.2.RELEASE.jar;F:\tools\repo_mine\org\springframework\spring-jcl\5.0.2.RELEASE\spring-jcl-5.0.2.RELEASE.jar;F:\tools\repo_mine\org\springframework\spring-jdbc\5.0.2.RELEASE\spring-jdbc-5.0.2.RELEASE.jar;F:\tools\repo_mine\org\springframework\spring-tx\5.0.2.RELEASE\spring-tx-5.0.2.RELEASE.jar;F:\tools\repo_mine\org\springframework\spring-beans\5.0.2.RELEASE\spring-beans-5.0.2.RELEASE.jar;F:\tools\repo_mine\commons-logging\commons-logging\1.2\commons-logging-1.2.jar;F:\tools\repo_mine\commons-beanutils\commons-beanutils\1.9.4\commons-beanutils-1.9.4.jar;F:\tools\repo_mine\commons-collections\commons-collections\3.2.2\commons-collections-3.2.2.jar;F:\tools\repo_mine\com\fasterxml\jackson\core\jackson-databind\2.3.3\jackson-databind-2.3.3.jar;F:\tools\repo_mine\com\fasterxml\jackson\core\jackson-core\2.3.3\jackson-core-2.3.3.jar;F:\tools\repo_mine\com\fasterxml\jackson\core\jackson-annotations\2.3.3\jackson-annotations-2.3.3.jar;F:\tools\repo_mine\javax\mail\javax.mail-api\1.5.6\javax.mail-api-1.5.6.jar;F:\tools\repo_mine\com\sun\mail\javax.mail\1.5.3\javax.mail-1.5.3.jar;F:\tools\repo_mine\javax\activation\activation\1.1\activation-1.1.jar;F:\tools\repo_mine\redis\clients\jedis\2.7.0\jedis-2.7.0.jar;F:\tools\repo_mine\org\apache\commons\commons-pool2\2.3\commons-pool2-2.3.jar;"/>
    <property name="sun.cpu.endian" value="little"/>
    <property name="user.home" value="C:\Users\Administrator"/>
    <property name="user.language" value="zh"/>
    <property name="java.specification.vendor" value="Oracle Corporation"/>
    <property name="java.home" value="F:\data\java-se-9-ri\jdk-9"/>
    <property name="file.separator" value="\"/>
    <property name="basedir" value="F:\maven_project\itravel"/>
    <property name="java.vm.compressedOopsMode" value="32-bit"/>
    <property name="line.separator" value="&#10;"/>
    <property name="java.vm.specification.vendor" value="Oracle Corporation"/>
    <property name="java.specification.name" value="Java Platform API Specification"/>
    <property name="java.awt.graphicsenv" value="sun.awt.Win32GraphicsEnvironment"/>
    <property name="surefire.real.class.path" value="C:\Users\Administrator\AppData\Local\Temp\surefire14139318467220336033\surefirebooter13269783032798757180.jar"/>
    <property name="user.script" value=""/>
    <property name="sun.management.compiler" value="HotSpot 64-Bit Tiered Compilers"/>
    <property name="java.runtime.version" value="9+181"/>
    <property name="user.name" value="Administrator"/>
    <property name="path.separator" value=";"/>
    <property name="os.version" value="10.0"/>
    <property name="java.runtime.name" value="OpenJDK Runtime Environment"/>
    <property name="file.encoding" value="GBK"/>
    <property name="java.vm.name" value="OpenJDK 64-Bit Server VM"/>
    <property name="localRepository" value="F:\tools\repo_mine"/>
    <property name="java.vendor.url.bug" value="http://bugreport.java.com/bugreport/"/>
    <property name="java.io.tmpdir" value="C:\Users\Administrator\AppData\Local\Temp\"/>
    <property name="java.version" value="9"/>
    <property name="user.dir" value="F:\maven_project\itravel"/>
    <property name="os.arch" value="amd64"/>
    <property name="java.vm.specification.name" value="Java Virtual Machine Specification"/>
    <property name="java.awt.printerjob" value="sun.awt.windows.WPrinterJob"/>
    <property name="sun.os.patch.level" value=""/>
    <property name="idea.version2019.3.3" value="true"/>
    <property name="java.library.path" value="F:\data\java-se-9-ri\jdk-9\bin;C:\Windows\Sun\Java\bin;C:\Windows\system32;C:\Windows;C:\Windows\system32;C:\Windows;C:\Windows\System32\Wbem;C:\Windows\System32\WindowsPowerShell\v1.0\;C:\Windows\System32\OpenSSH\;F:\data\java-se-9-ri\jdk-9\bin;F:\data\java-se-9-ri\jdk-9\jre\bin;E:\java\Git\cmd;C:\Program Files\MySQL\MySQL Server 5.7\bin;C:\Program Files (x86)\ATI Technologies\ATI.ACE\Core-Static;F:\tools\apache-maven-3.6.3\bin;F:\tools\Redis-x64-3.2.100;C:\Users\Administrator\AppData\Local\Microsoft\WindowsApps;;F:\IntelliJ IDEA 2019.2.4\bin;;."/>
    <property name="java.vm.info" value="mixed mode"/>
    <property name="java.vendor" value="Oracle Corporation"/>
    <property name="java.vm.version" value="9+181"/>
    <property name="sun.io.unicode.encoding" value="UnicodeLittle"/>
    <property name="maven.repo.local" value="F:\tools\repo_mine"/>
    <property name="java.class.version" value="53.0"/>
  </properties>
  <testcase name="pageQuery" classname="cn.dbdj1201.itravel.service.impl.RouteServiceImplTest" time="0.201"/>
</testsuite>